<?xml version="1.0" encoding="UTF-8"?>
<coverage generated="1660630626195" clover="3.2.0">
  <project timestamp="1660630626195" name="All files">
    <metrics statements="92" coveredstatements="31" conditionals="20" coveredconditionals="4" methods="42" coveredmethods="12" elements="154" coveredelements="47" complexity="0" loc="92" ncloc="92" packages="2" files="9" classes="9"/>
    <package name="src">
      <metrics statements="51" coveredstatements="1" conditionals="12" coveredconditionals="0" methods="23" coveredmethods="0"/>
      <file name="App.js" path="C:\Users\abdul.w.abdul.jabbar\Documents\React\CRUD_Forms\src\App.js">
        <metrics statements="33" coveredstatements="1" conditionals="2" coveredconditionals="0" methods="19" coveredmethods="0"/>
        <line num="9" count="1" type="stmt"/>
        <line num="10" count="0" type="stmt"/>
        <line num="11" count="0" type="stmt"/>
        <line num="12" count="0" type="stmt"/>
        <line num="13" count="0" type="stmt"/>
        <line num="14" count="0" type="stmt"/>
        <line num="17" count="0" type="stmt"/>
        <line num="18" count="0" type="stmt"/>
        <line num="21" count="0" type="stmt"/>
        <line num="22" count="0" type="stmt"/>
        <line num="23" count="0" type="stmt"/>
        <line num="26" count="0" type="stmt"/>
        <line num="29" count="0" type="stmt"/>
        <line num="33" count="0" type="stmt"/>
        <line num="34" count="0" type="stmt"/>
        <line num="45" count="0" type="cond" truecount="0" falsecount="2"/>
        <line num="46" count="0" type="stmt"/>
        <line num="48" count="0" type="stmt"/>
        <line num="52" count="0" type="stmt"/>
        <line num="55" count="0" type="stmt"/>
        <line num="59" count="0" type="stmt"/>
        <line num="60" count="0" type="stmt"/>
        <line num="70" count="0" type="stmt"/>
        <line num="71" count="0" type="stmt"/>
        <line num="72" count="0" type="stmt"/>
        <line num="75" count="0" type="stmt"/>
        <line num="79" count="0" type="stmt"/>
        <line num="80" count="0" type="stmt"/>
        <line num="84" count="0" type="stmt"/>
        <line num="85" count="0" type="stmt"/>
        <line num="87" count="0" type="stmt"/>
        <line num="90" count="0" type="stmt"/>
        <line num="94" count="0" type="stmt"/>
      </file>
      <file name="actions.js" path="C:\Users\abdul.w.abdul.jabbar\Documents\React\CRUD_Forms\src\actions.js">
        <metrics statements="1" coveredstatements="0" conditionals="0" coveredconditionals="0" methods="1" coveredmethods="0"/>
        <line num="1" count="0" type="stmt"/>
      </file>
      <file name="index.js" path="C:\Users\abdul.w.abdul.jabbar\Documents\React\CRUD_Forms\src\index.js">
        <metrics statements="2" coveredstatements="0" conditionals="0" coveredconditionals="0" methods="0" coveredmethods="0"/>
        <line num="11" count="0" type="stmt"/>
        <line num="12" count="0" type="stmt"/>
      </file>
      <file name="reportWebVitals.js" path="C:\Users\abdul.w.abdul.jabbar\Documents\React\CRUD_Forms\src\reportWebVitals.js">
        <metrics statements="8" coveredstatements="0" conditionals="4" coveredconditionals="0" methods="2" coveredmethods="0"/>
        <line num="1" count="0" type="stmt"/>
        <line num="2" count="0" type="cond" truecount="0" falsecount="4"/>
        <line num="3" count="0" type="stmt"/>
        <line num="4" count="0" type="stmt"/>
        <line num="5" count="0" type="stmt"/>
        <line num="6" count="0" type="stmt"/>
        <line num="7" count="0" type="stmt"/>
        <line num="8" count="0" type="stmt"/>
      </file>
      <file name="rootReducer.js" path="C:\Users\abdul.w.abdul.jabbar\Documents\React\CRUD_Forms\src\rootReducer.js">
        <metrics statements="7" coveredstatements="0" conditionals="6" coveredconditionals="0" methods="1" coveredmethods="0"/>
        <line num="1" count="0" type="cond" truecount="0" falsecount="1"/>
        <line num="2" count="0" type="cond" truecount="0" falsecount="5"/>
        <line num="4" count="0" type="stmt"/>
        <line num="7" count="0" type="stmt"/>
        <line num="10" count="0" type="stmt"/>
        <line num="13" count="0" type="stmt"/>
        <line num="16" count="0" type="stmt"/>
      </file>
    </package>
    <package name="src.components">
      <metrics statements="41" coveredstatements="30" conditionals="8" coveredconditionals="4" methods="19" coveredmethods="12"/>
      <file name="AddUser.js" path="C:\Users\abdul.w.abdul.jabbar\Documents\React\CRUD_Forms\src\components\AddUser.js">
        <metrics statements="8" coveredstatements="6" conditionals="4" coveredconditionals="2" methods="3" coveredmethods="2"/>
        <line num="5" count="3" type="stmt"/>
        <line num="11" count="2" type="stmt"/>
        <line num="12" count="2" type="stmt"/>
        <line num="13" count="0" type="stmt"/>
        <line num="14" count="0" type="stmt"/>
        <line num="16" count="2" type="stmt"/>
        <line num="18" count="2" type="stmt"/>
        <line num="33" count="2" type="stmt"/>
      </file>
      <file name="Form.js" path="C:\Users\abdul.w.abdul.jabbar\Documents\React\CRUD_Forms\src\components\Form.js">
        <metrics statements="18" coveredstatements="13" conditionals="2" coveredconditionals="2" methods="8" coveredmethods="5"/>
        <line num="6" count="3" type="stmt"/>
        <line num="7" count="7" type="stmt"/>
        <line num="8" count="7" type="stmt"/>
        <line num="9" count="7" type="stmt"/>
        <line num="10" count="1" type="stmt"/>
        <line num="13" count="7" type="stmt"/>
        <line num="14" count="2" type="stmt"/>
        <line num="17" count="7" type="stmt"/>
        <line num="18" count="1" type="stmt"/>
        <line num="19" count="1" type="stmt"/>
        <line num="22" count="7" type="stmt"/>
        <line num="23" count="0" type="stmt"/>
        <line num="24" count="0" type="stmt"/>
        <line num="25" count="0" type="stmt"/>
        <line num="28" count="7" type="stmt"/>
        <line num="37" count="0" type="stmt"/>
        <line num="47" count="0" type="stmt"/>
        <line num="56" count="1" type="stmt"/>
      </file>
      <file name="Navbar.js" path="C:\Users\abdul.w.abdul.jabbar\Documents\React\CRUD_Forms\src\components\Navbar.js">
        <metrics statements="11" coveredstatements="8" conditionals="2" coveredconditionals="0" methods="6" coveredmethods="4"/>
        <line num="14" count="1" type="stmt"/>
        <line num="16" count="0" type="stmt"/>
        <line num="33" count="2" type="stmt"/>
        <line num="40" count="6" type="stmt"/>
        <line num="47" count="3" type="stmt"/>
        <line num="48" count="3" type="stmt"/>
        <line num="50" count="3" type="stmt"/>
        <line num="51" count="1" type="stmt"/>
        <line num="54" count="3" type="stmt"/>
        <line num="87" count="0" type="stmt"/>
        <line num="121" count="0" type="stmt"/>
      </file>
      <file name="User.js" path="C:\Users\abdul.w.abdul.jabbar\Documents\React\CRUD_Forms\src\components\User.js">
        <metrics statements="4" coveredstatements="3" conditionals="0" coveredconditionals="0" methods="2" coveredmethods="1"/>
        <line num="5" count="3" type="stmt"/>
        <line num="6" count="1" type="stmt"/>
        <line num="7" count="0" type="stmt"/>
        <line num="10" count="1" type="stmt"/>
      </file>
    </package>
  </project>
</coverage>
