{"C:\\Users\\abdul.w.abdul.jabbar\\Documents\\React\\CRUD_Forms\\src\\App.js": {"path":"C:\\Users\\abdul.w.abdul.jabbar\\Documents\\React\\CRUD_Forms\\src\\App.js","statementMap":{"0":{"start":{"line":9,"column":12},"end":{"line":106,"column":1}},"1":{"start":{"line":10,"column":28},"end":{"line":10,"column":43}},"2":{"start":{"line":11,"column":19},"end":{"line":11,"column":32}},"3":{"start":{"line":12,"column":19},"end":{"line":12,"column":48}},"4":{"start":{"line":12,"column":42},"end":{"line":12,"column":47}},"5":{"start":{"line":13,"column":2},"end":{"line":15,"column":9}},"6":{"start":{"line":14,"column":4},"end":{"line":14,"column":16}},"7":{"start":{"line":17,"column":2},"end":{"line":19,"column":14}},"8":{"start":{"line":18,"column":4},"end":{"line":18,"column":32}},"9":{"start":{"line":21,"column":20},"end":{"line":31,"column":3}},"10":{"start":{"line":22,"column":4},"end":{"line":30,"column":9}},"11":{"start":{"line":23,"column":21},"end":{"line":23,"column":31}},"12":{"start":{"line":26,"column":8},"end":{"line":26,"column":54}},"13":{"start":{"line":29,"column":8},"end":{"line":29,"column":25}},"14":{"start":{"line":33,"column":16},"end":{"line":57,"column":3}},"15":{"start":{"line":34,"column":4},"end":{"line":56,"column":9}},"16":{"start":{"line":45,"column":8},"end":{"line":49,"column":9}},"17":{"start":{"line":46,"column":10},"end":{"line":46,"column":17}},"18":{"start":{"line":48,"column":10},"end":{"line":48,"column":28}},"19":{"start":{"line":52,"column":8},"end":{"line":52,"column":69}},"20":{"start":{"line":55,"column":8},"end":{"line":55,"column":25}},"21":{"start":{"line":59,"column":17},"end":{"line":77,"column":3}},"22":{"start":{"line":60,"column":4},"end":{"line":76,"column":9}},"23":{"start":{"line":70,"column":8},"end":{"line":70,"column":33}},"24":{"start":{"line":71,"column":8},"end":{"line":71,"column":25}},"25":{"start":{"line":72,"column":8},"end":{"line":72,"column":56}},"26":{"start":{"line":75,"column":8},"end":{"line":75,"column":25}},"27":{"start":{"line":79,"column":19},"end":{"line":92,"column":3}},"28":{"start":{"line":80,"column":4},"end":{"line":91,"column":9}},"29":{"start":{"line":84,"column":21},"end":{"line":86,"column":10}},"30":{"start":{"line":85,"column":10},"end":{"line":85,"column":32}},"31":{"start":{"line":87,"column":8},"end":{"line":87,"column":57}},"32":{"start":{"line":90,"column":8},"end":{"line":90,"column":25}},"33":{"start":{"line":94,"column":2},"end":{"line":105,"column":4}}},"fnMap":{"0":{"name":"(anonymous_0)","decl":{"start":{"line":9,"column":12},"end":{"line":9,"column":13}},"loc":{"start":{"line":9,"column":18},"end":{"line":106,"column":1}},"line":9},"1":{"name":"(anonymous_1)","decl":{"start":{"line":12,"column":31},"end":{"line":12,"column":32}},"loc":{"start":{"line":12,"column":42},"end":{"line":12,"column":47}},"line":12},"2":{"name":"(anonymous_2)","decl":{"start":{"line":13,"column":12},"end":{"line":13,"column":13}},"loc":{"start":{"line":13,"column":18},"end":{"line":15,"column":3}},"line":13},"3":{"name":"(anonymous_3)","decl":{"start":{"line":17,"column":12},"end":{"line":17,"column":13}},"loc":{"start":{"line":17,"column":18},"end":{"line":19,"column":3}},"line":17},"4":{"name":"(anonymous_4)","decl":{"start":{"line":21,"column":20},"end":{"line":21,"column":21}},"loc":{"start":{"line":21,"column":32},"end":{"line":31,"column":3}},"line":21},"5":{"name":"(anonymous_5)","decl":{"start":{"line":23,"column":12},"end":{"line":23,"column":13}},"loc":{"start":{"line":23,"column":21},"end":{"line":23,"column":31}},"line":23},"6":{"name":"(anonymous_6)","decl":{"start":{"line":24,"column":12},"end":{"line":24,"column":13}},"loc":{"start":{"line":24,"column":22},"end":{"line":27,"column":7}},"line":24},"7":{"name":"(anonymous_7)","decl":{"start":{"line":28,"column":13},"end":{"line":28,"column":14}},"loc":{"start":{"line":28,"column":22},"end":{"line":30,"column":7}},"line":28},"8":{"name":"(anonymous_8)","decl":{"start":{"line":33,"column":16},"end":{"line":33,"column":17}},"loc":{"start":{"line":33,"column":39},"end":{"line":57,"column":3}},"line":33},"9":{"name":"(anonymous_9)","decl":{"start":{"line":44,"column":12},"end":{"line":44,"column":13}},"loc":{"start":{"line":44,"column":21},"end":{"line":50,"column":7}},"line":44},"10":{"name":"(anonymous_10)","decl":{"start":{"line":51,"column":12},"end":{"line":51,"column":13}},"loc":{"start":{"line":51,"column":22},"end":{"line":53,"column":7}},"line":51},"11":{"name":"(anonymous_11)","decl":{"start":{"line":54,"column":13},"end":{"line":54,"column":14}},"loc":{"start":{"line":54,"column":22},"end":{"line":56,"column":7}},"line":54},"12":{"name":"(anonymous_12)","decl":{"start":{"line":59,"column":17},"end":{"line":59,"column":18}},"loc":{"start":{"line":59,"column":38},"end":{"line":77,"column":3}},"line":59},"13":{"name":"(anonymous_13)","decl":{"start":{"line":69,"column":12},"end":{"line":69,"column":13}},"loc":{"start":{"line":69,"column":21},"end":{"line":73,"column":7}},"line":69},"14":{"name":"(anonymous_14)","decl":{"start":{"line":74,"column":13},"end":{"line":74,"column":14}},"loc":{"start":{"line":74,"column":22},"end":{"line":76,"column":7}},"line":74},"15":{"name":"(anonymous_15)","decl":{"start":{"line":79,"column":19},"end":{"line":79,"column":20}},"loc":{"start":{"line":79,"column":33},"end":{"line":92,"column":3}},"line":79},"16":{"name":"(anonymous_16)","decl":{"start":{"line":83,"column":12},"end":{"line":83,"column":13}},"loc":{"start":{"line":83,"column":21},"end":{"line":88,"column":7}},"line":83},"17":{"name":"(anonymous_17)","decl":{"start":{"line":84,"column":37},"end":{"line":84,"column":38}},"loc":{"start":{"line":84,"column":47},"end":{"line":86,"column":9}},"line":84},"18":{"name":"(anonymous_18)","decl":{"start":{"line":89,"column":13},"end":{"line":89,"column":14}},"loc":{"start":{"line":89,"column":22},"end":{"line":91,"column":7}},"line":89}},"branchMap":{"0":{"loc":{"start":{"line":45,"column":8},"end":{"line":49,"column":9}},"type":"if","locations":[{"start":{"line":45,"column":8},"end":{"line":49,"column":9}},{"start":{"line":47,"column":15},"end":{"line":49,"column":9}}],"line":45}},"s":{"0":1,"1":0,"2":0,"3":0,"4":0,"5":0,"6":0,"7":0,"8":0,"9":0,"10":0,"11":0,"12":0,"13":0,"14":0,"15":0,"16":0,"17":0,"18":0,"19":0,"20":0,"21":0,"22":0,"23":0,"24":0,"25":0,"26":0,"27":0,"28":0,"29":0,"30":0,"31":0,"32":0,"33":0},"f":{"0":0,"1":0,"2":0,"3":0,"4":0,"5":0,"6":0,"7":0,"8":0,"9":0,"10":0,"11":0,"12":0,"13":0,"14":0,"15":0,"16":0,"17":0,"18":0},"b":{"0":[0,0]},"_coverageSchema":"1a1c01bbd47fc00a2c39e90264f33305004495a9","hash":"bd9537faec908f43d9bc23e94c03ae65695242b1"}
,"C:\\Users\\abdul.w.abdul.jabbar\\Documents\\React\\CRUD_Forms\\src\\actions.js": {"path":"C:\\Users\\abdul.w.abdul.jabbar\\Documents\\React\\CRUD_Forms\\src\\actions.js","statementMap":{"0":{"start":{"line":1,"column":17},"end":{"line":1,"column":25}}},"fnMap":{"0":{"name":"(anonymous_0)","decl":{"start":{"line":1,"column":17},"end":{"line":1,"column":18}},"loc":{"start":{"line":1,"column":23},"end":{"line":1,"column":25}},"line":1}},"branchMap":{},"s":{"0":0},"f":{"0":0},"b":{}}
,"C:\\Users\\abdul.w.abdul.jabbar\\Documents\\React\\CRUD_Forms\\src\\index.js": {"path":"C:\\Users\\abdul.w.abdul.jabbar\\Documents\\React\\CRUD_Forms\\src\\index.js","statementMap":{"0":{"start":{"line":11,"column":14},"end":{"line":11,"column":38}},"1":{"start":{"line":12,"column":0},"end":{"line":19,"column":2}}},"fnMap":{},"branchMap":{},"s":{"0":0,"1":0},"f":{},"b":{}}
,"C:\\Users\\abdul.w.abdul.jabbar\\Documents\\React\\CRUD_Forms\\src\\reportWebVitals.js": {"path":"C:\\Users\\abdul.w.abdul.jabbar\\Documents\\React\\CRUD_Forms\\src\\reportWebVitals.js","statementMap":{"0":{"start":{"line":1,"column":24},"end":{"line":11,"column":1}},"1":{"start":{"line":2,"column":2},"end":{"line":10,"column":3}},"2":{"start":{"line":3,"column":4},"end":{"line":9,"column":7}},"3":{"start":{"line":4,"column":6},"end":{"line":4,"column":26}},"4":{"start":{"line":5,"column":6},"end":{"line":5,"column":26}},"5":{"start":{"line":6,"column":6},"end":{"line":6,"column":26}},"6":{"start":{"line":7,"column":6},"end":{"line":7,"column":26}},"7":{"start":{"line":8,"column":6},"end":{"line":8,"column":27}}},"fnMap":{"0":{"name":"(anonymous_0)","decl":{"start":{"line":1,"column":24},"end":{"line":1,"column":25}},"loc":{"start":{"line":1,"column":39},"end":{"line":11,"column":1}},"line":1},"1":{"name":"(anonymous_1)","decl":{"start":{"line":3,"column":30},"end":{"line":3,"column":31}},"loc":{"start":{"line":3,"column":79},"end":{"line":9,"column":5}},"line":3}},"branchMap":{"0":{"loc":{"start":{"line":2,"column":2},"end":{"line":10,"column":3}},"type":"if","locations":[{"start":{"line":2,"column":2},"end":{"line":10,"column":3}},{"start":{},"end":{}}],"line":2},"1":{"loc":{"start":{"line":2,"column":6},"end":{"line":2,"column":52}},"type":"binary-expr","locations":[{"start":{"line":2,"column":6},"end":{"line":2,"column":17}},{"start":{"line":2,"column":21},"end":{"line":2,"column":52}}],"line":2}},"s":{"0":0,"1":0,"2":0,"3":0,"4":0,"5":0,"6":0,"7":0},"f":{"0":0,"1":0},"b":{"0":[0,0],"1":[0,0]}}
,"C:\\Users\\abdul.w.abdul.jabbar\\Documents\\React\\CRUD_Forms\\src\\rootReducer.js": {"path":"C:\\Users\\abdul.w.abdul.jabbar\\Documents\\React\\CRUD_Forms\\src\\rootReducer.js","statementMap":{"0":{"start":{"line":1,"column":20},"end":{"line":19,"column":1}},"1":{"start":{"line":2,"column":2},"end":{"line":18,"column":3}},"2":{"start":{"line":4,"column":6},"end":{"line":4,"column":33}},"3":{"start":{"line":7,"column":6},"end":{"line":7,"column":33}},"4":{"start":{"line":10,"column":6},"end":{"line":10,"column":28}},"5":{"start":{"line":13,"column":6},"end":{"line":13,"column":28}},"6":{"start":{"line":16,"column":6},"end":{"line":16,"column":19}}},"fnMap":{"0":{"name":"(anonymous_0)","decl":{"start":{"line":1,"column":20},"end":{"line":1,"column":21}},"loc":{"start":{"line":1,"column":44},"end":{"line":19,"column":1}},"line":1}},"branchMap":{"0":{"loc":{"start":{"line":1,"column":21},"end":{"line":1,"column":31}},"type":"default-arg","locations":[{"start":{"line":1,"column":29},"end":{"line":1,"column":31}}],"line":1},"1":{"loc":{"start":{"line":2,"column":2},"end":{"line":18,"column":3}},"type":"switch","locations":[{"start":{"line":3,"column":4},"end":{"line":5,"column":5}},{"start":{"line":6,"column":4},"end":{"line":8,"column":5}},{"start":{"line":9,"column":4},"end":{"line":11,"column":5}},{"start":{"line":12,"column":4},"end":{"line":14,"column":5}},{"start":{"line":15,"column":4},"end":{"line":17,"column":5}}],"line":2}},"s":{"0":0,"1":0,"2":0,"3":0,"4":0,"5":0,"6":0},"f":{"0":0},"b":{"0":[0],"1":[0,0,0,0,0]}}
,"C:\\Users\\abdul.w.abdul.jabbar\\Documents\\React\\CRUD_Forms\\src\\components\\AddUser.js": {"path":"C:\\Users\\abdul.w.abdul.jabbar\\Documents\\React\\CRUD_Forms\\src\\components\\AddUser.js","statementMap":{"0":{"start":{"line":5,"column":16},"end":{"line":83,"column":1}},"1":{"start":{"line":11,"column":6},"end":{"line":11,"column":15}},"2":{"start":{"line":12,"column":19},"end":{"line":15,"column":3}},"3":{"start":{"line":13,"column":4},"end":{"line":13,"column":35}},"4":{"start":{"line":14,"column":4},"end":{"line":14,"column":12}},"5":{"start":{"line":16,"column":22},"end":{"line":16,"column":36}},"6":{"start":{"line":18,"column":26},"end":{"line":31,"column":3}},"7":{"start":{"line":33,"column":2},"end":{"line":82,"column":4}}},"fnMap":{"0":{"name":"(anonymous_0)","decl":{"start":{"line":5,"column":16},"end":{"line":5,"column":17}},"loc":{"start":{"line":5,"column":31},"end":{"line":83,"column":1}},"line":5},"1":{"name":"(anonymous_1)","decl":{"start":{"line":12,"column":19},"end":{"line":12,"column":20}},"loc":{"start":{"line":12,"column":29},"end":{"line":15,"column":3}},"line":12},"2":{"name":"(anonymous_2)","decl":{"start":{"line":16,"column":22},"end":{"line":16,"column":23}},"loc":{"start":{"line":16,"column":34},"end":{"line":16,"column":36}},"line":16}},"branchMap":{"0":{"loc":{"start":{"line":52,"column":19},"end":{"line":52,"column":54}},"type":"binary-expr","locations":[{"start":{"line":52,"column":19},"end":{"line":52,"column":31}},{"start":{"line":52,"column":35},"end":{"line":52,"column":54}}],"line":52},"1":{"loc":{"start":{"line":65,"column":19},"end":{"line":65,"column":56}},"type":"binary-expr","locations":[{"start":{"line":65,"column":19},"end":{"line":65,"column":32}},{"start":{"line":65,"column":36},"end":{"line":65,"column":56}}],"line":65}},"s":{"0":3,"1":2,"2":2,"3":0,"4":0,"5":2,"6":2,"7":2},"f":{"0":2,"1":0,"2":1},"b":{"0":[2,0],"1":[2,0]},"_coverageSchema":"1a1c01bbd47fc00a2c39e90264f33305004495a9","hash":"b90f1ab7cb425d557257b81383b7838c3c295aa1"}
,"C:\\Users\\abdul.w.abdul.jabbar\\Documents\\React\\CRUD_Forms\\src\\components\\Form.js": {"path":"C:\\Users\\abdul.w.abdul.jabbar\\Documents\\React\\CRUD_Forms\\src\\components\\Form.js","statementMap":{"0":{"start":{"line":6,"column":13},"end":{"line":103,"column":1}},"1":{"start":{"line":7,"column":26},"end":{"line":7,"column":41}},"2":{"start":{"line":8,"column":24},"end":{"line":8,"column":38}},"3":{"start":{"line":9,"column":23},"end":{"line":11,"column":3}},"4":{"start":{"line":10,"column":4},"end":{"line":10,"column":17}},"5":{"start":{"line":13,"column":21},"end":{"line":15,"column":3}},"6":{"start":{"line":14,"column":4},"end":{"line":14,"column":19}},"7":{"start":{"line":17,"column":21},"end":{"line":20,"column":3}},"8":{"start":{"line":18,"column":4},"end":{"line":18,"column":19}},"9":{"start":{"line":19,"column":4},"end":{"line":19,"column":20}},"10":{"start":{"line":22,"column":22},"end":{"line":26,"column":3}},"11":{"start":{"line":23,"column":17},"end":{"line":23,"column":21}},"12":{"start":{"line":24,"column":4},"end":{"line":24,"column":51}},"13":{"start":{"line":25,"column":4},"end":{"line":25,"column":19}},"14":{"start":{"line":28,"column":2},"end":{"line":102,"column":4}},"15":{"start":{"line":37,"column":31},"end":{"line":37,"column":49}},"16":{"start":{"line":47,"column":31},"end":{"line":47,"column":49}},"17":{"start":{"line":56,"column":29},"end":{"line":56,"column":43}}},"fnMap":{"0":{"name":"(anonymous_0)","decl":{"start":{"line":6,"column":13},"end":{"line":6,"column":14}},"loc":{"start":{"line":6,"column":62},"end":{"line":103,"column":1}},"line":6},"1":{"name":"(anonymous_1)","decl":{"start":{"line":9,"column":23},"end":{"line":9,"column":24}},"loc":{"start":{"line":9,"column":29},"end":{"line":11,"column":3}},"line":9},"2":{"name":"(anonymous_2)","decl":{"start":{"line":13,"column":21},"end":{"line":13,"column":22}},"loc":{"start":{"line":13,"column":28},"end":{"line":15,"column":3}},"line":13},"3":{"name":"(anonymous_3)","decl":{"start":{"line":17,"column":21},"end":{"line":17,"column":22}},"loc":{"start":{"line":17,"column":29},"end":{"line":20,"column":3}},"line":17},"4":{"name":"(anonymous_4)","decl":{"start":{"line":22,"column":22},"end":{"line":22,"column":23}},"loc":{"start":{"line":22,"column":33},"end":{"line":26,"column":3}},"line":22},"5":{"name":"(anonymous_5)","decl":{"start":{"line":37,"column":24},"end":{"line":37,"column":25}},"loc":{"start":{"line":37,"column":31},"end":{"line":37,"column":49}},"line":37},"6":{"name":"(anonymous_6)","decl":{"start":{"line":47,"column":24},"end":{"line":47,"column":25}},"loc":{"start":{"line":47,"column":31},"end":{"line":47,"column":49}},"line":47},"7":{"name":"(anonymous_7)","decl":{"start":{"line":56,"column":23},"end":{"line":56,"column":24}},"loc":{"start":{"line":56,"column":29},"end":{"line":56,"column":43}},"line":56}},"branchMap":{"0":{"loc":{"start":{"line":30,"column":7},"end":{"line":100,"column":7}},"type":"cond-expr","locations":[{"start":{"line":31,"column":8},"end":{"line":70,"column":11}},{"start":{"line":72,"column":8},"end":{"line":99,"column":11}}],"line":30}},"s":{"0":3,"1":7,"2":7,"3":7,"4":1,"5":7,"6":2,"7":7,"8":1,"9":1,"10":7,"11":0,"12":0,"13":0,"14":7,"15":0,"16":0,"17":1},"f":{"0":7,"1":1,"2":2,"3":1,"4":0,"5":0,"6":0,"7":1},"b":{"0":[2,5]},"_coverageSchema":"1a1c01bbd47fc00a2c39e90264f33305004495a9","hash":"188386aae974d4819fd7f4105bb65e12ccda6cff"}
,"C:\\Users\\abdul.w.abdul.jabbar\\Documents\\React\\CRUD_Forms\\src\\components\\Navbar.js": {"path":"C:\\Users\\abdul.w.abdul.jabbar\\Documents\\React\\CRUD_Forms\\src\\components\\Navbar.js","statementMap":{"0":{"start":{"line":14,"column":47},"end":{"line":14,"column":52}},"1":{"start":{"line":16,"column":2},"end":{"line":30,"column":4}},"2":{"start":{"line":33,"column":0},"end":{"line":37,"column":2}},"3":{"start":{"line":40,"column":2},"end":{"line":43,"column":4}},"4":{"start":{"line":47,"column":16},"end":{"line":47,"column":26}},"5":{"start":{"line":48,"column":28},"end":{"line":48,"column":45}},"6":{"start":{"line":50,"column":23},"end":{"line":52,"column":3}},"7":{"start":{"line":51,"column":4},"end":{"line":51,"column":23}},"8":{"start":{"line":54,"column":2},"end":{"line":134,"column":4}},"9":{"start":{"line":87,"column":12},"end":{"line":94,"column":14}},"10":{"start":{"line":121,"column":12},"end":{"line":129,"column":14}}},"fnMap":{"0":{"name":"TabPanel","decl":{"start":{"line":13,"column":9},"end":{"line":13,"column":17}},"loc":{"start":{"line":13,"column":25},"end":{"line":31,"column":1}},"line":13},"1":{"name":"a11yProps","decl":{"start":{"line":39,"column":9},"end":{"line":39,"column":18}},"loc":{"start":{"line":39,"column":26},"end":{"line":44,"column":1}},"line":39},"2":{"name":"Navbar","decl":{"start":{"line":46,"column":24},"end":{"line":46,"column":30}},"loc":{"start":{"line":46,"column":73},"end":{"line":135,"column":1}},"line":46},"3":{"name":"(anonymous_3)","decl":{"start":{"line":50,"column":23},"end":{"line":50,"column":24}},"loc":{"start":{"line":50,"column":44},"end":{"line":52,"column":3}},"line":50},"4":{"name":"(anonymous_4)","decl":{"start":{"line":86,"column":21},"end":{"line":86,"column":22}},"loc":{"start":{"line":87,"column":12},"end":{"line":94,"column":14}},"line":87},"5":{"name":"(anonymous_5)","decl":{"start":{"line":120,"column":21},"end":{"line":120,"column":22}},"loc":{"start":{"line":121,"column":12},"end":{"line":129,"column":14}},"line":121}},"branchMap":{"0":{"loc":{"start":{"line":24,"column":7},"end":{"line":28,"column":7}},"type":"binary-expr","locations":[{"start":{"line":24,"column":7},"end":{"line":24,"column":22}},{"start":{"line":25,"column":8},"end":{"line":27,"column":14}}],"line":24}},"s":{"0":1,"1":0,"2":2,"3":6,"4":3,"5":3,"6":3,"7":1,"8":3,"9":0,"10":0},"f":{"0":1,"1":6,"2":3,"3":1,"4":0,"5":0},"b":{"0":[0,0]},"_coverageSchema":"1a1c01bbd47fc00a2c39e90264f33305004495a9","hash":"722de203faec0ae3bc9dd004b29eb0cbc037f89d"}
,"C:\\Users\\abdul.w.abdul.jabbar\\Documents\\React\\CRUD_Forms\\src\\components\\User.js": {"path":"C:\\Users\\abdul.w.abdul.jabbar\\Documents\\React\\CRUD_Forms\\src\\components\\User.js","statementMap":{"0":{"start":{"line":5,"column":13},"end":{"line":20,"column":1}},"1":{"start":{"line":6,"column":23},"end":{"line":8,"column":3}},"2":{"start":{"line":7,"column":4},"end":{"line":7,"column":17}},"3":{"start":{"line":10,"column":2},"end":{"line":19,"column":4}}},"fnMap":{"0":{"name":"(anonymous_0)","decl":{"start":{"line":5,"column":13},"end":{"line":5,"column":14}},"loc":{"start":{"line":5,"column":48},"end":{"line":20,"column":1}},"line":5},"1":{"name":"(anonymous_1)","decl":{"start":{"line":6,"column":23},"end":{"line":6,"column":24}},"loc":{"start":{"line":6,"column":29},"end":{"line":8,"column":3}},"line":6}},"branchMap":{},"s":{"0":3,"1":1,"2":0,"3":1},"f":{"0":1,"1":0},"b":{},"_coverageSchema":"1a1c01bbd47fc00a2c39e90264f33305004495a9","hash":"3dc381308f331d118c06187abeb6da75f417631d"}
}
