TN:
SF:src\App.js
FN:9,(anonymous_0)
FN:12,(anonymous_1)
FN:13,(anonymous_2)
FN:17,(anonymous_3)
FN:21,(anonymous_4)
FN:23,(anonymous_5)
FN:24,(anonymous_6)
FN:28,(anonymous_7)
FN:33,(anonymous_8)
FN:44,(anonymous_9)
FN:51,(anonymous_10)
FN:54,(anonymous_11)
FN:59,(anonymous_12)
FN:69,(anonymous_13)
FN:74,(anonymous_14)
FN:79,(anonymous_15)
FN:83,(anonymous_16)
FN:84,(anonymous_17)
FN:89,(anonymous_18)
FNF:19
FNH:0
FNDA:0,(anonymous_0)
FNDA:0,(anonymous_1)
FNDA:0,(anonymous_2)
FNDA:0,(anonymous_3)
FNDA:0,(anonymous_4)
FNDA:0,(anonymous_5)
FNDA:0,(anonymous_6)
FNDA:0,(anonymous_7)
FNDA:0,(anonymous_8)
FNDA:0,(anonymous_9)
FNDA:0,(anonymous_10)
FNDA:0,(anonymous_11)
FNDA:0,(anonymous_12)
FNDA:0,(anonymous_13)
FNDA:0,(anonymous_14)
FNDA:0,(anonymous_15)
FNDA:0,(anonymous_16)
FNDA:0,(anonymous_17)
FNDA:0,(anonymous_18)
DA:9,1
DA:10,0
DA:11,0
DA:12,0
DA:13,0
DA:14,0
DA:17,0
DA:18,0
DA:21,0
DA:22,0
DA:23,0
DA:26,0
DA:29,0
DA:33,0
DA:34,0
DA:45,0
DA:46,0
DA:48,0
DA:52,0
DA:55,0
DA:59,0
DA:60,0
DA:70,0
DA:71,0
DA:72,0
DA:75,0
DA:79,0
DA:80,0
DA:84,0
DA:85,0
DA:87,0
DA:90,0
DA:94,0
LF:33
LH:1
BRDA:45,0,0,0
BRDA:45,0,1,0
BRF:2
BRH:0
end_of_record
TN:
SF:src\actions.js
FN:1,(anonymous_0)
FNF:1
FNH:0
FNDA:0,(anonymous_0)
DA:1,0
LF:1
LH:0
BRF:0
BRH:0
end_of_record
TN:
SF:src\index.js
FNF:0
FNH:0
DA:11,0
DA:12,0
LF:2
LH:0
BRF:0
BRH:0
end_of_record
TN:
SF:src\reportWebVitals.js
FN:1,(anonymous_0)
FN:3,(anonymous_1)
FNF:2
FNH:0
FNDA:0,(anonymous_0)
FNDA:0,(anonymous_1)
DA:1,0
DA:2,0
DA:3,0
DA:4,0
DA:5,0
DA:6,0
DA:7,0
DA:8,0
LF:8
LH:0
BRDA:2,0,0,0
BRDA:2,0,1,0
BRDA:2,1,0,0
BRDA:2,1,1,0
BRF:4
BRH:0
end_of_record
TN:
SF:src\rootReducer.js
FN:1,(anonymous_0)
FNF:1
FNH:0
FNDA:0,(anonymous_0)
DA:1,0
DA:2,0
DA:4,0
DA:7,0
DA:10,0
DA:13,0
DA:16,0
LF:7
LH:0
BRDA:1,0,0,0
BRDA:2,1,0,0
BRDA:2,1,1,0
BRDA:2,1,2,0
BRDA:2,1,3,0
BRDA:2,1,4,0
BRF:6
BRH:0
end_of_record
TN:
SF:src\components\AddUser.js
FN:5,(anonymous_0)
FN:12,(anonymous_1)
FN:16,(anonymous_2)
FNF:3
FNH:2
FNDA:2,(anonymous_0)
FNDA:0,(anonymous_1)
FNDA:1,(anonymous_2)
DA:5,3
DA:11,2
DA:12,2
DA:13,0
DA:14,0
DA:16,2
DA:18,2
DA:33,2
LF:8
LH:6
BRDA:52,0,0,2
BRDA:52,0,1,0
BRDA:65,1,0,2
BRDA:65,1,1,0
BRF:4
BRH:2
end_of_record
TN:
SF:src\components\Form.js
FN:6,(anonymous_0)
FN:9,(anonymous_1)
FN:13,(anonymous_2)
FN:17,(anonymous_3)
FN:22,(anonymous_4)
FN:37,(anonymous_5)
FN:47,(anonymous_6)
FN:56,(anonymous_7)
FNF:8
FNH:5
FNDA:7,(anonymous_0)
FNDA:1,(anonymous_1)
FNDA:2,(anonymous_2)
FNDA:1,(anonymous_3)
FNDA:0,(anonymous_4)
FNDA:0,(anonymous_5)
FNDA:0,(anonymous_6)
FNDA:1,(anonymous_7)
DA:6,3
DA:7,7
DA:8,7
DA:9,7
DA:10,1
DA:13,7
DA:14,2
DA:17,7
DA:18,1
DA:19,1
DA:22,7
DA:23,0
DA:24,0
DA:25,0
DA:28,7
DA:37,0
DA:47,0
DA:56,1
LF:18
LH:13
BRDA:30,0,0,2
BRDA:30,0,1,5
BRF:2
BRH:2
end_of_record
TN:
SF:src\components\Navbar.js
FN:13,TabPanel
FN:39,a11yProps
FN:46,Navbar
FN:50,(anonymous_3)
FN:86,(anonymous_4)
FN:120,(anonymous_5)
FNF:6
FNH:4
FNDA:1,TabPanel
FNDA:6,a11yProps
FNDA:3,Navbar
FNDA:1,(anonymous_3)
FNDA:0,(anonymous_4)
FNDA:0,(anonymous_5)
DA:14,1
DA:16,0
DA:33,2
DA:40,6
DA:47,3
DA:48,3
DA:50,3
DA:51,1
DA:54,3
DA:87,0
DA:121,0
LF:11
LH:8
BRDA:24,0,0,0
BRDA:24,0,1,0
BRF:2
BRH:0
end_of_record
TN:
SF:src\components\User.js
FN:5,(anonymous_0)
FN:6,(anonymous_1)
FNF:2
FNH:1
FNDA:1,(anonymous_0)
FNDA:0,(anonymous_1)
DA:5,3
DA:6,1
DA:7,0
DA:10,1
LF:4
LH:3
BRF:0
BRH:0
end_of_record
